\BOOKMARK [0][]{chapter*.2}{主要符号表}{}% 1
\BOOKMARK [0][]{chapter.1}{1 绪论}{}% 2
\BOOKMARK [1][-]{section.1.1}{1.1 标题}{chapter.1}% 3
\BOOKMARK [1][-]{section.1.2}{1.2 二级标题}{chapter.1}% 4
\BOOKMARK [2][-]{subsection.1.2.1}{1.2.1 三级标题}{section.1.2}% 5
\BOOKMARK [0][]{chapter.2}{2 浮动格式}{}% 6
\BOOKMARK [1][-]{section.2.1}{2.1 图片}{chapter.2}% 7
\BOOKMARK [1][-]{section.2.2}{2.2 表格}{chapter.2}% 8
\BOOKMARK [0][]{chapter.3}{3 公式环境}{}% 9
\BOOKMARK [0][]{chapter.4}{4 克洛德·莫奈}{}% 10
\BOOKMARK [1][-]{section.4.1}{4.1 早年生涯}{chapter.4}% 11
\BOOKMARK [1][-]{section.4.2}{4.2 在巴黎}{chapter.4}% 12
\BOOKMARK [1][-]{section.4.3}{4.3 普法战争，印象派，阿尔}{chapter.4}% 13
\BOOKMARK [1][-]{section.4.4}{4.4 后来的日子}{chapter.4}% 14
\BOOKMARK [1][-]{section.4.5}{4.5 在吉维尼}{chapter.4}% 15
\BOOKMARK [1][-]{section.4.6}{4.6 逝世}{chapter.4}% 16
\BOOKMARK [1][-]{section.4.7}{4.7 作品的销售}{chapter.4}% 17
\BOOKMARK [0][]{chapter.5}{5 江学长怒斥香港记者}{}% 18
\BOOKMARK [0][]{chapter.6}{6 结论与展望}{}% 19
\BOOKMARK [1][-]{section.6.1}{6.1 使用XJTUthesis}{chapter.6}% 20
\BOOKMARK [0][]{section*.16}{参考文献}{}% 21
\BOOKMARK [0][]{appendix*.17}{附录1 附录}{}% 22
\BOOKMARK [1][-]{section*.18}{附录1.1 测试标题}{appendix*.17}% 23
\BOOKMARK [2][-]{figure.caption.19}{附录1.1.1 三级标题}{appendix*.17}% 24
\BOOKMARK [0][]{appendix*.20}{附录2 还是附录}{}% 25
\BOOKMARK [1][-]{section*.21}{附录2.1 测试}{appendix*.20}% 26
\BOOKMARK [0][]{appendix*.22}{致谢}{}% 27
