\BOOKMARK [0][]{chapter.1}{1 绪论}{}% 1
\BOOKMARK [1][-]{section.1.1}{1.1 研究背景}{chapter.1}% 2
\BOOKMARK [1][-]{section.1.2}{1.2 研究现状}{chapter.1}% 3
\BOOKMARK [1][-]{section.1.3}{1.3 研究目的和意义}{chapter.1}% 4
\BOOKMARK [1][-]{section.1.4}{1.4 研究内容}{chapter.1}% 5
\BOOKMARK [1][-]{section.1.5}{1.5 论文结构}{chapter.1}% 6
\BOOKMARK [0][]{chapter.2}{2 相关技术概述}{}% 7
\BOOKMARK [1][-]{section.2.1}{2.1 命名数据网}{chapter.2}% 8
\BOOKMARK [1][-]{section.2.2}{2.2 命名数据网同步模型}{chapter.2}% 9
\BOOKMARK [1][-]{section.2.3}{2.3 命名数据网开发者函数库}{chapter.2}% 10
\BOOKMARK [1][-]{section.2.4}{2.4 游戏联机技术}{chapter.2}% 11
\BOOKMARK [1][-]{section.2.5}{2.5 k最近邻居相关的数据结构}{chapter.2}% 12
\BOOKMARK [1][-]{section.2.6}{2.6 名称集表示相关的数据结构}{chapter.2}% 13
\BOOKMARK [1][-]{section.2.7}{2.7 开发引擎Unity3D}{chapter.2}% 14
\BOOKMARK [1][-]{section.2.8}{2.8 本章小结}{chapter.2}% 15
\BOOKMARK [0][]{chapter.3}{3 系统需求分析}{}% 16
\BOOKMARK [1][-]{section.3.1}{3.1 系统需求}{chapter.3}% 17
\BOOKMARK [1][-]{section.3.2}{3.2 系统框架}{chapter.3}% 18
\BOOKMARK [1][-]{section.3.3}{3.3 本章小结}{chapter.3}% 19
\BOOKMARK [0][]{chapter.4}{4 系统设计}{}% 20
\BOOKMARK [1][-]{section.4.1}{4.1 客户端函数库}{chapter.4}% 21
\BOOKMARK [1][-]{section.4.2}{4.2 设计详述}{chapter.4}% 22
\BOOKMARK [2][-]{subsection.4.2.1}{4.2.1 八叉树划分}{section.4.2}% 23
\BOOKMARK [2][-]{subsection.4.2.2}{4.2.2 发现模块}{section.4.2}% 24
\BOOKMARK [2][-]{subsection.4.2.3}{4.2.3 更新模块}{section.4.2}% 25
\BOOKMARK [1][-]{section.4.3}{4.3 面向对象设计}{chapter.4}% 26
\BOOKMARK [1][-]{section.4.4}{4.4 本章小结}{chapter.4}% 27
\BOOKMARK [0][]{chapter.5}{5 系统实现及测试}{}% 28
\BOOKMARK [1][-]{section.5.1}{5.1 客户端函数库实现及测试}{chapter.5}% 29
\BOOKMARK [1][-]{section.5.2}{5.2 同步模块实现及测试}{chapter.5}% 30
\BOOKMARK [2][-]{subsection.5.2.1}{5.2.1 哈希函数、编码方式和参数选择}{section.5.2}% 31
\BOOKMARK [2][-]{subsection.5.2.2}{5.2.2 测试}{section.5.2}% 32
\BOOKMARK [1][-]{section.5.3}{5.3 本章小结}{chapter.5}% 33
\BOOKMARK [0][]{chapter.6}{6 系统分析、评估及优化}{}% 34
\BOOKMARK [1][-]{section.6.1}{6.1 系统分析}{chapter.6}% 35
\BOOKMARK [1][-]{section.6.2}{6.2 系统优化}{chapter.6}% 36
\BOOKMARK [1][-]{section.6.3}{6.3 其它设计思路及对比}{chapter.6}% 37
\BOOKMARK [1][-]{section.6.4}{6.4 本章小结}{chapter.6}% 38
\BOOKMARK [0][]{chapter.7}{7 结论与展望}{}% 39
\BOOKMARK [1][-]{section.7.1}{7.1 结论}{chapter.7}% 40
\BOOKMARK [1][-]{section.7.2}{7.2 展望}{chapter.7}% 41
\BOOKMARK [0][]{section*.15}{参考文献}{}% 42
\BOOKMARK [0][]{appendix*.17}{附录1 文章翻译：Networking Named Content选段}{}% 43
\BOOKMARK [1][-]{section*.18}{附录1.1 外文文献介绍及地址}{appendix*.17}% 44
\BOOKMARK [1][-]{section*.18}{附录1.2 中文译文}{appendix*.17}% 45
\BOOKMARK [0][]{appendix*.19}{致谢}{}% 46
